处理车辆 LZGCR2868PX033622，记录数: 时间=88417, 速度=88417, 里程=88417
已处理并保存文件: ../每辆车各自的历史速度&累计里程-11-13/LZGCR2868PX033622.csv
处理车辆 LZGCR2X60PX029467，记录数: 时间=94049, 速度=94049, 里程=94049
已处理并保存文件: ../每辆车各自的历史速度&累计里程-11-13/LZGCR2X60PX029467.csv
处理车辆 LZGCR2R6XNX068660，记录数: 时间=42991, 速度=42991, 里程=42991
已处理并保存文件: ../每辆车各自的历史速度&累计里程-11-13/LZGCR2R6XNX068660.csv
处理车辆 LZGCD2L1XPX018811，记录数: 时间=127931, 速度=127931, 里程=127931
已处理并保存文件: ../每辆车各自的历史速度&累计里程-11-13/LZGCD2L1XPX018811.csv
处理车辆 LZGCR2U62PX015106，记录数: 时间=89209, 速度=89209, 里程=89209
已处理并保存文件: ../每辆车各自的历史速度&累计里程-11-13/LZGCR2U62PX015106.csv
处理车辆 LZGJL484XPX042129，记录数: 时间=82442, 速度=82442, 里程=82442
已处理并保存文件: ../每辆车各自的历史速度&累计里程-11-13/LZGJL484XPX042129.csv
处理车辆 LZGCR286XPX014960，记录数: 时间=35857, 速度=35857, 里程=35857
已处理并保存文件: ../每辆车各自的历史速度&累计里程-11-13/LZGCR286XPX014960.csv
处理车辆 LZGCR2Y61PX066221，记录数: 时间=119829, 速度=119829, 里程=119829
已处理并保存文件: ../每辆车各自的历史速度&累计里程-11-13/LZGCR2Y61PX066221.csv
处理车辆 LZGCD2L12PX023680，记录数: 时间=66020, 速度=66020, 里程=66020
已处理并保存文件: ../每辆车各自的历史速度&累计里程-11-13/LZGCD2L12PX023680.csv
处理车辆 LZGJLG846PX051993，记录数: 时间=83441, 速度=83441, 里程=83441
已处理并保存文件: ../每辆车各自的历史速度&累计里程-11-13/LZGJLG846PX051993.csv
处理车辆 LZGJL3Z48PX029064，记录数: 时间=69842, 速度=69842, 里程=69842
已处理并保存文件: ../每辆车各自的历史速度&累计里程-11-13/LZGJL3Z48PX029064.csv
处理车辆 LZGCR2X61PX026349，记录数: 时间=62057, 速度=62057, 里程=62057
已处理并保存文件: ../每辆车各自的历史速度&累计里程-11-13/LZGCR2X61PX026349.csv
处理车辆 LZGJLGX48PX033688，记录数: 时间=54263, 速度=54263, 里程=54263
已处理并保存文件: ../每辆车各自的历史速度&累计里程-11-13/LZGJLGX48PX033688.csv
处理车辆 LZGCR2R66MX054446，记录数: 时间=32202, 速度=32202, 里程=32202
已处理并保存文件: ../每辆车各自的历史速度&累计里程-11-13/LZGCR2R66MX054446.csv
处理车辆 LZGCD2L16PX016618，记录数: 时间=39381, 速度=39381, 里程=39381
已处理并保存文件: ../每辆车各自的历史速度&累计里程-11-13/LZGCD2L16PX016618.csv
处理车辆 LZGJL4849PX027735，记录数: 时间=143691, 速度=143691, 里程=143691
已处理并保存文件: ../每辆车各自的历史速度&累计里程-11-13/LZGJL4849PX027735.csv
处理车辆 LZGJL4Z45PX028248，记录数: 时间=81896, 速度=81896, 里程=81896
已处理并保存文件: ../每辆车各自的历史速度&累计里程-11-13/LZGJL4Z45PX028248.csv
处理车辆 LZGCR2U61PX055290，记录数: 时间=77082, 速度=77082, 里程=77082
已处理并保存文件: ../每辆车各自的历史速度&累计里程-11-13/LZGCR2U61PX055290.csv
处理车辆 LZGJLG843PX029028，记录数: 时间=45329, 速度=45329, 里程=45329
已处理并保存文件: ../每辆车各自的历史速度&累计里程-11-13/LZGJLG843PX029028.csv
处理车辆 LZGCR2U66PX015108，记录数: 时间=93988, 速度=93988, 里程=93988
已处理并保存文件: ../每辆车各自的历史速度&累计里程-11-13/LZGCR2U66PX015108.csv
处理车辆 LZGCD2N14PX045919，记录数: 时间=122934, 速度=122934, 里程=122934
已处理并保存文件: ../每辆车各自的历史速度&累计里程-11-13/LZGCD2N14PX045919.csv
处理车辆 LZGJLG845PX022212，记录数: 时间=67892, 速度=67892, 里程=67892
已处理并保存文件: ../每辆车各自的历史速度&累计里程-11-13/LZGJLG845PX022212.csv
处理车辆 LZGJL4Z40PX029954，记录数: 时间=55389, 速度=55389, 里程=55389
已处理并保存文件: ../每辆车各自的历史速度&累计里程-11-13/LZGJL4Z40PX029954.csv
处理车辆 LZGJLGX47PX044178，记录数: 时间=35799, 速度=35799, 里程=35799
已处理并保存文件: ../每辆车各自的历史速度&累计里程-11-13/LZGJLGX47PX044178.csv
处理车辆 LZGJL4847PX032318，记录数: 时间=57024, 速度=57024, 里程=57024
已处理并保存文件: ../每辆车各自的历史速度&累计里程-11-13/LZGJL4847PX032318.csv
处理车辆 LZGCR2866PX038950，记录数: 时间=91441, 速度=91441, 里程=91441
已处理并保存文件: ../每辆车各自的历史速度&累计里程-11-13/LZGCR2866PX038950.csv
处理车辆 LZGJLGX46PX033060，记录数: 时间=113321, 速度=113321, 里程=113321
已处理并保存文件: ../每辆车各自的历史速度&累计里程-11-13/LZGJLGX46PX033060.csv
处理车辆 LZGCR2R67NX067692，记录数: 时间=52367, 速度=52367, 里程=52367
已处理并保存文件: ../每辆车各自的历史速度&累计里程-11-13/LZGCR2R67NX067692.csv
处理车辆 LZGCD2N17PX045915，记录数: 时间=118477, 速度=118477, 里程=118477
已处理并保存文件: ../每辆车各自的历史速度&累计里程-11-13/LZGCD2N17PX045915.csv
处理车辆 LZGCR2869PX012908，记录数: 时间=45930, 速度=45930, 里程=45930
已处理并保存文件: ../每辆车各自的历史速度&累计里程-11-13/LZGCR2869PX012908.csv
处理车辆 LZGJL4848PX053811，记录数: 时间=97609, 速度=97609, 里程=97609
已处理并保存文件: ../每辆车各自的历史速度&累计里程-11-13/LZGJL4848PX053811.csv
处理车辆 LZGCR2866PX030279，记录数: 时间=32302, 速度=32302, 里程=32302
已处理并保存文件: ../每辆车各自的历史速度&累计里程-11-13/LZGCR2866PX030279.csv
处理车辆 LZGCR2R62NX067597，记录数: 时间=39435, 速度=39435, 里程=39435
已处理并保存文件: ../每辆车各自的历史速度&累计里程-11-13/LZGCR2R62NX067597.csv
处理车辆 LZGCD2L12PX037255，记录数: 时间=82686, 速度=82686, 里程=82686
已处理并保存文件: ../每辆车各自的历史速度&累计里程-11-13/LZGCD2L12PX037255.csv
处理车辆 LZGCR2U63PX020153，记录数: 时间=33587, 速度=33587, 里程=33587
已处理并保存文件: ../每辆车各自的历史速度&累计里程-11-13/LZGCR2U63PX020153.csv
处理车辆 LZGCD2L19PX036622，记录数: 时间=45446, 速度=45446, 里程=45446
已处理并保存文件: ../每辆车各自的历史速度&累计里程-11-13/LZGCD2L19PX036622.csv
处理车辆 LZGCD2L14PX016617，记录数: 时间=115712, 速度=115712, 里程=115712
已处理并保存文件: ../每辆车各自的历史速度&累计里程-11-13/LZGCD2L14PX016617.csv
处理车辆 LZGJLG841PX050606，记录数: 时间=80629, 速度=80629, 里程=80629
已处理并保存文件: ../每辆车各自的历史速度&累计里程-11-13/LZGJLG841PX050606.csv
处理车辆 LZGCR2R62NX067700，记录数: 时间=44554, 速度=44554, 里程=44554
已处理并保存文件: ../每辆车各自的历史速度&累计里程-11-13/LZGCR2R62NX067700.csv
处理车辆 LZGJL4846PX008768，记录数: 时间=60521, 速度=60521, 里程=60521
已处理并保存文件: ../每辆车各自的历史速度&累计里程-11-13/LZGJL4846PX008768.csv
处理车辆 LZGCR2R69NX068780，记录数: 时间=41459, 速度=41459, 里程=41459
已处理并保存文件: ../每辆车各自的历史速度&累计里程-11-13/LZGCR2R69NX068780.csv
处理车辆 LZGCR2862PX033003，记录数: 时间=28368, 速度=28368, 里程=28368
已处理并保存文件: ../每辆车各自的历史速度&累计里程-11-13/LZGCR2862PX033003.csv
处理车辆 LZGJL4847PX040273，记录数: 时间=104512, 速度=104512, 里程=104512
已处理并保存文件: ../每辆车各自的历史速度&累计里程-11-13/LZGJL4847PX040273.csv
处理车辆 LZGJLGX49PX038317，记录数: 时间=121583, 速度=121583, 里程=121583
已处理并保存文件: ../每辆车各自的历史速度&累计里程-11-13/LZGJLGX49PX038317.csv
处理车辆 LZGJLG84XPX044030，记录数: 时间=123607, 速度=123607, 里程=123607
已处理并保存文件: ../每辆车各自的历史速度&累计里程-11-13/LZGJLG84XPX044030.csv
处理车辆 LZGJL4844PX041526，记录数: 时间=57458, 速度=57458, 里程=57458
已处理并保存文件: ../每辆车各自的历史速度&累计里程-11-13/LZGJL4844PX041526.csv
处理车辆 LZGCR2R60PX044371，记录数: 时间=52029, 速度=52029, 里程=52029
已处理并保存文件: ../每辆车各自的历史速度&累计里程-11-13/LZGCR2R60PX044371.csv
处理车辆 LZGJL4849PX060444，记录数: 时间=16279, 速度=16279, 里程=16279
已处理并保存文件: ../每辆车各自的历史速度&累计里程-11-13/LZGJL4849PX060444.csv
处理车辆 LZGJL4849PX029047，记录数: 时间=75025, 速度=75025, 里程=75025
已处理并保存文件: ../每辆车各自的历史速度&累计里程-11-13/LZGJL4849PX029047.csv
处理车辆 LZGCR2X63PX029463，记录数: 时间=197635, 速度=197635, 里程=197635
已处理并保存文件: ../每辆车各自的历史速度&累计里程-11-13/LZGCR2X63PX029463.csv
处理车辆 LZGCD2N18PX035233，记录数: 时间=76272, 速度=76272, 里程=76272
已处理并保存文件: ../每辆车各自的历史速度&累计里程-11-13/LZGCD2N18PX035233.csv
处理车辆 LZGJL4840PX039658，记录数: 时间=44709, 速度=44709, 里程=44709
已处理并保存文件: ../每辆车各自的历史速度&累计里程-11-13/LZGJL4840PX039658.csv
处理车辆 LZGJLG847PX040128，记录数: 时间=54678, 速度=54678, 里程=54678
已处理并保存文件: ../每辆车各自的历史速度&累计里程-11-13/LZGJLG847PX040128.csv
处理车辆 LZGJL4840PX018129，记录数: 时间=30844, 速度=30844, 里程=30844
已处理并保存文件: ../每辆车各自的历史速度&累计里程-11-13/LZGJL4840PX018129.csv
处理车辆 LZGCD2L10PX035262，记录数: 时间=46135, 速度=46135, 里程=46135
已处理并保存文件: ../每辆车各自的历史速度&累计里程-11-13/LZGCD2L10PX035262.csv
处理车辆 LZGCR2U68PX015109，记录数: 时间=85099, 速度=85099, 里程=85099
已处理并保存文件: ../每辆车各自的历史速度&累计里程-11-13/LZGCR2U68PX015109.csv
处理车辆 LZGJL4840PX022150，记录数: 时间=61475, 速度=61475, 里程=61475
已处理并保存文件: ../每辆车各自的历史速度&累计里程-11-13/LZGJL4840PX022150.csv
处理车辆 LZGJL4842PX008704，记录数: 时间=128075, 速度=128075, 里程=128075
已处理并保存文件: ../每辆车各自的历史速度&累计里程-11-13/LZGJL4842PX008704.csv
处理车辆 LZGCR2U60PX054597，记录数: 时间=90691, 速度=90691, 里程=90691
已处理并保存文件: ../每辆车各自的历史速度&累计里程-11-13/LZGCR2U60PX054597.csv
处理车辆 LZGJL4847PX064282，记录数: 时间=90303, 速度=90303, 里程=90303
已处理并保存文件: ../每辆车各自的历史速度&累计里程-11-13/LZGJL4847PX064282.csv
处理车辆 LZGCD2N19PX064871，记录数: 时间=137009, 速度=137009, 里程=137009
已处理并保存文件: ../每辆车各自的历史速度&累计里程-11-13/LZGCD2N19PX064871.csv
处理车辆 LZGCD2L1XPX033289，记录数: 时间=105477, 速度=105477, 里程=105477
已处理并保存文件: ../每辆车各自的历史速度&累计里程-11-13/LZGCD2L1XPX033289.csv
处理车辆 LZGJL4840PX031530，记录数: 时间=87728, 速度=87728, 里程=87728
已处理并保存文件: ../每辆车各自的历史速度&累计里程-11-13/LZGJL4840PX031530.csv
处理车辆 LZGCR2U62PX054598，记录数: 时间=97034, 速度=97034, 里程=97034
已处理并保存文件: ../每辆车各自的历史速度&累计里程-11-13/LZGCR2U62PX054598.csv
处理车辆 LZGCR2869PX041132，记录数: 时间=66562, 速度=66562, 里程=66562
已处理并保存文件: ../每辆车各自的历史速度&累计里程-11-13/LZGCR2869PX041132.csv
处理车辆 LZGJL3Z44PX030390，记录数: 时间=50615, 速度=50615, 里程=50615
已处理并保存文件: ../每辆车各自的历史速度&累计里程-11-13/LZGJL3Z44PX030390.csv
处理车辆 LZGCL2R41PX029605，记录数: 时间=22099, 速度=22099, 里程=22099
已处理并保存文件: ../每辆车各自的历史速度&累计里程-11-13/LZGCL2R41PX029605.csv
处理车辆 LZGJL4X49PX035352，记录数: 时间=76762, 速度=76762, 里程=76762
已处理并保存文件: ../每辆车各自的历史速度&累计里程-11-13/LZGJL4X49PX035352.csv
处理车辆 LZGCR2U67PX038249，记录数: 时间=26127, 速度=26127, 里程=26127
已处理并保存文件: ../每辆车各自的历史速度&累计里程-11-13/LZGCR2U67PX038249.csv
处理车辆 LZGJLG846PX023207，记录数: 时间=78047, 速度=78047, 里程=78047
已处理并保存文件: ../每辆车各自的历史速度&累计里程-11-13/LZGJLG846PX023207.csv
处理车辆 LZGCR2864PX027400，记录数: 时间=49591, 速度=49591, 里程=49591
已处理并保存文件: ../每辆车各自的历史速度&累计里程-11-13/LZGCR2864PX027400.csv
处理车辆 LZGJL484XPX038050，记录数: 时间=1380, 速度=1380, 里程=1380
已处理并保存文件: ../每辆车各自的历史速度&累计里程-11-13/LZGJL484XPX038050.csv
处理车辆 LZGCR2861PX014961，记录数: 时间=35275, 速度=35275, 里程=35275
已处理并保存文件: ../每辆车各自的历史速度&累计里程-11-13/LZGCR2861PX014961.csv
处理车辆 LZGJLG840PX022215，记录数: 时间=47123, 速度=47123, 里程=47123
已处理并保存文件: ../每辆车各自的历史速度&累计里程-11-13/LZGJLG840PX022215.csv
处理车辆 LZGJLGX47PX057321，记录数: 时间=35473, 速度=35473, 里程=35473
已处理并保存文件: ../每辆车各自的历史速度&累计里程-11-13/LZGJLGX47PX057321.csv
处理车辆 LZGJLG847PX042171，记录数: 时间=114015, 速度=114015, 里程=114015
已处理并保存文件: ../每辆车各自的历史速度&累计里程-11-13/LZGJLG847PX042171.csv
处理车辆 LZGCR2866PX011828，记录数: 时间=47744, 速度=47744, 里程=47744
已处理并保存文件: ../每辆车各自的历史速度&累计里程-11-13/LZGCR2866PX011828.csv
处理车辆 LZGCD2M11PX012328，记录数: 时间=121921, 速度=121921, 里程=121921
已处理并保存文件: ../每辆车各自的历史速度&累计里程-11-13/LZGCD2M11PX012328.csv
处理车辆 LZGCD2N19PX045933，记录数: 时间=39753, 速度=39753, 里程=39753
已处理并保存文件: ../每辆车各自的历史速度&累计里程-11-13/LZGCD2N19PX045933.csv
处理车辆 LZGCL2R4XPX029604，记录数: 时间=24366, 速度=24366, 里程=24366
已处理并保存文件: ../每辆车各自的历史速度&累计里程-11-13/LZGCL2R4XPX029604.csv
处理车辆 LZGCR2U64PX015107，记录数: 时间=84370, 速度=84370, 里程=84370
已处理并保存文件: ../每辆车各自的历史速度&累计里程-11-13/LZGCR2U64PX015107.csv
处理车辆 LZGCR2860PX041133，记录数: 时间=62740, 速度=62740, 里程=62740
已处理并保存文件: ../每辆车各自的历史速度&累计里程-11-13/LZGCR2860PX041133.csv
处理车辆 LZGJL4847PX053217，记录数: 时间=173134, 速度=173134, 里程=173134
已处理并保存文件: ../每辆车各自的历史速度&累计里程-11-13/LZGJL4847PX053217.csv
处理车辆 LZGCL2N91PX018802，记录数: 时间=96868, 速度=96868, 里程=96868
已处理并保存文件: ../每辆车各自的历史速度&累计里程-11-13/LZGCL2N91PX018802.csv
处理车辆 LZGJLG845PX023196，记录数: 时间=77910, 速度=77910, 里程=77910
已处理并保存文件: ../每辆车各自的历史速度&累计里程-11-13/LZGJLG845PX023196.csv
处理车辆 LZGJL4844PX055331，记录数: 时间=198350, 速度=198350, 里程=198350
已处理并保存文件: ../每辆车各自的历史速度&累计里程-11-13/LZGJL4844PX055331.csv
处理车辆 LZGJL484XPX047587，记录数: 时间=30108, 速度=30108, 里程=30108
已处理并保存文件: ../每辆车各自的历史速度&累计里程-11-13/LZGJL484XPX047587.csv
处理车辆 LZGJLGX49PX033036，记录数: 时间=87213, 速度=87213, 里程=87213
已处理并保存文件: ../每辆车各自的历史速度&累计里程-11-13/LZGJLGX49PX033036.csv
处理车辆 LZGCD2J15PX037253，记录数: 时间=61149, 速度=61149, 里程=61149
已处理并保存文件: ../每辆车各自的历史速度&累计里程-11-13/LZGCD2J15PX037253.csv
处理车辆 LZGCR2862PX030277，记录数: 时间=48155, 速度=48155, 里程=48155
已处理并保存文件: ../每辆车各自的历史速度&累计里程-11-13/LZGCR2862PX030277.csv
处理车辆 LZGCR2Y67PX048029，记录数: 时间=44623, 速度=44623, 里程=44623
已处理并保存文件: ../每辆车各自的历史速度&累计里程-11-13/LZGCR2Y67PX048029.csv
处理车辆 LZGJLG844PX010567，记录数: 时间=75056, 速度=75056, 里程=75056
已处理并保存文件: ../每辆车各自的历史速度&累计里程-11-13/LZGJLG844PX010567.csv
处理车辆 LZGCR2U60PX015105，记录数: 时间=87639, 速度=87639, 里程=87639
已处理并保存文件: ../每辆车各自的历史速度&累计里程-11-13/LZGCR2U60PX015105.csv
处理车辆 LZGCR2U69PX015104，记录数: 时间=96705, 速度=96705, 里程=96705
已处理并保存文件: ../每辆车各自的历史速度&累计里程-11-13/LZGCR2U69PX015104.csv
处理车辆 LZGCR2864PX011827，记录数: 时间=65072, 速度=65072, 里程=65072
已处理并保存文件: ../每辆车各自的历史速度&累计里程-11-13/LZGCR2864PX011827.csv
处理车辆 LZGCL2N94PX035027，记录数: 时间=67052, 速度=67052, 里程=67052
已处理并保存文件: ../每辆车各自的历史速度&累计里程-11-13/LZGCL2N94PX035027.csv
处理车辆 LZGCD2N10PX061874，记录数: 时间=68726, 速度=68726, 里程=68726
已处理并保存文件: ../每辆车各自的历史速度&累计里程-11-13/LZGCD2N10PX061874.csv
处理车辆 LZGJL4Z40PX019957，记录数: 时间=95938, 速度=95938, 里程=95938
已处理并保存文件: ../每辆车各自的历史速度&累计里程-11-13/LZGJL4Z40PX019957.csv
处理车辆 LZGCD2L1XPX037259，记录数: 时间=73564, 速度=73564, 里程=73564
已处理并保存文件: ../每辆车各自的历史速度&累计里程-11-13/LZGCD2L1XPX037259.csv
处理车辆 LZGJL4Z46PX053305，记录数: 时间=24159, 速度=24159, 里程=24159
已处理并保存文件: ../每辆车各自的历史速度&累计里程-11-13/LZGJL4Z46PX053305.csv
